17:07:33.004 [main] INFO  HolaMundo - Hola
17:08:32.676 [main] INFO  HolaMundo - Hola
17:08:46.979 [main] INFO  HolaMundo - Hola
17:10:31.612 [main] INFO  HolaMundo - Hola
17:11:53.764 [main] INFO  HolaMundo - Hola
17:11:53.766 [main] WARN  HolaMundo - Adios
17:15:34.372 [main] INFO  HolaMundo - Hola
17:15:34.375 [main] WARN  HolaMundo - Adios
17:16:37.785 [main] INFO  HolaMundo - Hola
17:16:37.787 [main] WARN  HolaMundo - Adios
17:20:06.680 [main] INFO  HolaMundo - Hola
17:20:06.682 [main] WARN  HolaMundo - Adios
16:21:33.963 [main] INFO  es.cursojava.inicio.oo.herencia.ejercicios.e16BandaDeMusica.Instrumento - Instancia de Instrumento creada
16:21:33.973 [main] INFO  es.cursojava.inicio.oo.herencia.ejercicios.e16BandaDeMusica.Instrumento - Instancia de Instrumento creada
16:21:33.980 [main] INFO  es.cursojava.inicio.oo.herencia.ejercicios.e16BandaDeMusica.Instrumento - Instancia de Instrumento creada
16:21:33.986 [main] INFO  es.cursojava.inicio.oo.herencia.ejercicios.e16BandaDeMusica.Instrumento - Instancia de Instrumento creada
16:21:33.986 [main] INFO  es.cursojava.inicio.oo.herencia.ejercicios.e16BandaDeMusica.Instrumento - Instancia de Instrumento creada
16:21:33.986 [main] INFO  es.cursojava.inicio.oo.herencia.ejercicios.e16BandaDeMusica.Instrumento - Instancia de Instrumento creada
16:21:33.986 [main] INFO  es.cursojava.inicio.oo.herencia.ejercicios.e16BandaDeMusica.Instrumento - Instancia de Instrumento creada
16:21:33.986 [main] INFO  es.cursojava.inicio.oo.herencia.ejercicios.e16BandaDeMusica.Instrumento - Instancia de Instrumento creada
16:21:33.987 [main] INFO  es.cursojava.inicio.oo.herencia.ejercicios.e16BandaDeMusica.Instrumento - El instrumento esta desafinado
16:21:33.987 [main] INFO  es.cursojava.inicio.oo.herencia.ejercicios.e16BandaDeMusica.Guitarra - Afinando guitarra
16:21:33.987 [main] INFO  es.cursojava.inicio.oo.herencia.ejercicios.e16BandaDeMusica.Instrumento - El instrumento esta afinado
16:21:33.987 [main] INFO  es.cursojava.inicio.oo.herencia.ejercicios.e16BandaDeMusica.Guitarra - Afinando guitarra
16:21:33.987 [main] INFO  es.cursojava.inicio.oo.herencia.ejercicios.e16BandaDeMusica.Instrumento - El instrumento esta afinado
16:21:33.987 [main] INFO  es.cursojava.inicio.oo.herencia.ejercicios.e16BandaDeMusica.Piano - Afinando piano
16:21:33.987 [main] INFO  es.cursojava.inicio.oo.herencia.ejercicios.e16BandaDeMusica.Guitarra - Afinando tambor
16:22:38.717 [main] INFO  es.cursojava.inicio.oo.herencia.ejercicios.e16BandaDeMusica.Instrumento - Instancia de Instrumento creada
16:22:38.720 [main] INFO  es.cursojava.inicio.oo.herencia.ejercicios.e16BandaDeMusica.Instrumento - Instancia de Instrumento creada
16:22:38.720 [main] INFO  es.cursojava.inicio.oo.herencia.ejercicios.e16BandaDeMusica.Instrumento - Instancia de Instrumento creada
16:22:38.721 [main] INFO  es.cursojava.inicio.oo.herencia.ejercicios.e16BandaDeMusica.Instrumento - Instancia de Instrumento creada
16:22:38.721 [main] INFO  es.cursojava.inicio.oo.herencia.ejercicios.e16BandaDeMusica.Instrumento - Instancia de Instrumento creada
16:22:38.721 [main] INFO  es.cursojava.inicio.oo.herencia.ejercicios.e16BandaDeMusica.Instrumento - Instancia de Instrumento creada
16:22:38.721 [main] INFO  es.cursojava.inicio.oo.herencia.ejercicios.e16BandaDeMusica.Instrumento - Instancia de Instrumento creada
16:22:38.721 [main] INFO  es.cursojava.inicio.oo.herencia.ejercicios.e16BandaDeMusica.Instrumento - Instancia de Instrumento creada
16:22:38.722 [main] INFO  es.cursojava.inicio.oo.herencia.ejercicios.e16BandaDeMusica.Instrumento - El instrumento esta desafinado
16:22:38.722 [main] INFO  es.cursojava.inicio.oo.herencia.ejercicios.e16BandaDeMusica.Guitarra - Afinando guitarra
16:22:38.722 [main] INFO  es.cursojava.inicio.oo.herencia.ejercicios.e16BandaDeMusica.Instrumento - El instrumento esta desafinado
16:22:38.722 [main] INFO  es.cursojava.inicio.oo.herencia.ejercicios.e16BandaDeMusica.Guitarra - Afinando guitarra
16:22:38.722 [main] INFO  es.cursojava.inicio.oo.herencia.ejercicios.e16BandaDeMusica.Instrumento - El instrumento esta desafinado
16:22:38.722 [main] INFO  es.cursojava.inicio.oo.herencia.ejercicios.e16BandaDeMusica.Piano - Afinando piano
16:22:38.722 [main] INFO  es.cursojava.inicio.oo.herencia.ejercicios.e16BandaDeMusica.Guitarra - Afinando tambor
16:22:59.450 [main] INFO  es.cursojava.inicio.oo.herencia.ejercicios.e16BandaDeMusica.Instrumento - Instancia de Instrumento creada
16:22:59.452 [main] INFO  es.cursojava.inicio.oo.herencia.ejercicios.e16BandaDeMusica.Instrumento - Instancia de Instrumento creada
16:22:59.454 [main] INFO  es.cursojava.inicio.oo.herencia.ejercicios.e16BandaDeMusica.Instrumento - Instancia de Instrumento creada
16:22:59.454 [main] INFO  es.cursojava.inicio.oo.herencia.ejercicios.e16BandaDeMusica.Instrumento - Instancia de Instrumento creada
16:22:59.454 [main] INFO  es.cursojava.inicio.oo.herencia.ejercicios.e16BandaDeMusica.Instrumento - Instancia de Instrumento creada
16:22:59.454 [main] INFO  es.cursojava.inicio.oo.herencia.ejercicios.e16BandaDeMusica.Instrumento - Instancia de Instrumento creada
16:22:59.454 [main] INFO  es.cursojava.inicio.oo.herencia.ejercicios.e16BandaDeMusica.Instrumento - Instancia de Instrumento creada
16:22:59.454 [main] INFO  es.cursojava.inicio.oo.herencia.ejercicios.e16BandaDeMusica.Instrumento - Instancia de Instrumento creada
16:22:59.454 [main] INFO  es.cursojava.inicio.oo.herencia.ejercicios.e16BandaDeMusica.Instrumento - El instrumento esta afinado
16:22:59.455 [main] INFO  es.cursojava.inicio.oo.herencia.ejercicios.e16BandaDeMusica.Guitarra - Afinando guitarra
16:22:59.455 [main] INFO  es.cursojava.inicio.oo.herencia.ejercicios.e16BandaDeMusica.Instrumento - El instrumento esta desafinado
16:22:59.455 [main] INFO  es.cursojava.inicio.oo.herencia.ejercicios.e16BandaDeMusica.Guitarra - Afinando guitarra
16:22:59.455 [main] INFO  es.cursojava.inicio.oo.herencia.ejercicios.e16BandaDeMusica.Instrumento - El instrumento esta afinado
16:22:59.455 [main] INFO  es.cursojava.inicio.oo.herencia.ejercicios.e16BandaDeMusica.Piano - Afinando piano
16:22:59.455 [main] INFO  es.cursojava.inicio.oo.herencia.ejercicios.e16BandaDeMusica.Guitarra - Afinando tambor
17:09:57.350 [main] INFO  es.cursojava.inicio.oo.herencia.ejercicios.e16BandaDeMusica.Instrumento - Instancia de Instrumento creada
17:09:57.352 [main] INFO  es.cursojava.inicio.oo.herencia.ejercicios.e16BandaDeMusica.Instrumento - Instancia de Instrumento creada
17:09:57.353 [main] INFO  es.cursojava.inicio.oo.herencia.ejercicios.e16BandaDeMusica.Instrumento - Instancia de Instrumento creada
17:09:57.353 [main] INFO  es.cursojava.inicio.oo.herencia.ejercicios.e16BandaDeMusica.Instrumento - Instancia de Instrumento creada
17:09:57.353 [main] INFO  es.cursojava.inicio.oo.herencia.ejercicios.e16BandaDeMusica.Instrumento - Instancia de Instrumento creada
17:09:57.354 [main] INFO  es.cursojava.inicio.oo.herencia.ejercicios.e16BandaDeMusica.Instrumento - Instancia de Instrumento creada
17:09:57.354 [main] INFO  es.cursojava.inicio.oo.herencia.ejercicios.e16BandaDeMusica.Instrumento - Instancia de Instrumento creada
17:09:57.354 [main] INFO  es.cursojava.inicio.oo.herencia.ejercicios.e16BandaDeMusica.Instrumento - Instancia de Instrumento creada
17:09:57.354 [main] INFO  es.cursojava.inicio.oo.herencia.ejercicios.e16BandaDeMusica.Instrumento - El instrumento esta afinado
17:09:57.354 [main] INFO  es.cursojava.inicio.oo.herencia.ejercicios.e16BandaDeMusica.Guitarra - Afinando guitarra
17:09:57.354 [main] INFO  es.cursojava.inicio.oo.herencia.ejercicios.e16BandaDeMusica.Instrumento - El instrumento esta afinado
17:09:57.354 [main] INFO  es.cursojava.inicio.oo.herencia.ejercicios.e16BandaDeMusica.Guitarra - Afinando guitarra
17:09:57.354 [main] INFO  es.cursojava.inicio.oo.herencia.ejercicios.e16BandaDeMusica.Instrumento - El instrumento esta afinado
17:09:57.354 [main] INFO  es.cursojava.inicio.oo.herencia.ejercicios.e16BandaDeMusica.Piano - Afinando piano
17:09:57.354 [main] INFO  es.cursojava.inicio.oo.herencia.ejercicios.e16BandaDeMusica.Guitarra - Afinando tambor
17:14:46.105 [main] INFO  es.cursojava.inicio.oo.herencia.ejercicios.e16BandaDeMusica.Instrumento - Instancia de Instrumento creada
17:14:46.108 [main] INFO  es.cursojava.inicio.oo.herencia.ejercicios.e16BandaDeMusica.Instrumento - Instancia de Instrumento creada
17:14:46.109 [main] INFO  es.cursojava.inicio.oo.herencia.ejercicios.e16BandaDeMusica.Instrumento - Instancia de Instrumento creada
17:14:46.109 [main] INFO  es.cursojava.inicio.oo.herencia.ejercicios.e16BandaDeMusica.Instrumento - Instancia de Instrumento creada
17:14:46.109 [main] INFO  es.cursojava.inicio.oo.herencia.ejercicios.e16BandaDeMusica.Instrumento - Instancia de Instrumento creada
17:14:46.109 [main] INFO  es.cursojava.inicio.oo.herencia.ejercicios.e16BandaDeMusica.Instrumento - Instancia de Instrumento creada
17:14:46.109 [main] INFO  es.cursojava.inicio.oo.herencia.ejercicios.e16BandaDeMusica.Instrumento - Instancia de Instrumento creada
17:14:46.109 [main] INFO  es.cursojava.inicio.oo.herencia.ejercicios.e16BandaDeMusica.Instrumento - Instancia de Instrumento creada
17:14:46.109 [main] INFO  es.cursojava.inicio.oo.herencia.ejercicios.e16BandaDeMusica.Instrumento - El instrumento esta desafinado
17:14:46.109 [main] INFO  es.cursojava.inicio.oo.herencia.ejercicios.e16BandaDeMusica.Guitarra - Afinando guitarra
17:14:46.109 [main] INFO  es.cursojava.inicio.oo.herencia.ejercicios.e16BandaDeMusica.Instrumento - El instrumento esta afinado
17:14:46.109 [main] INFO  es.cursojava.inicio.oo.herencia.ejercicios.e16BandaDeMusica.Guitarra - Afinando guitarra
17:14:46.109 [main] INFO  es.cursojava.inicio.oo.herencia.ejercicios.e16BandaDeMusica.Instrumento - El instrumento esta afinado
17:14:46.109 [main] INFO  es.cursojava.inicio.oo.herencia.ejercicios.e16BandaDeMusica.Piano - Afinando piano
17:14:46.109 [main] INFO  es.cursojava.inicio.oo.herencia.ejercicios.e16BandaDeMusica.Guitarra - Afinando tambor
18:32:44.504 [main] INFO  es.cursojava.inicio.oo.herencia.ejercicios.e16BandaDeMusica.Instrumento - Instancia de Instrumento creada
18:32:44.514 [main] INFO  es.cursojava.inicio.oo.herencia.ejercicios.e16BandaDeMusica.Instrumento - Instancia de Instrumento creada
18:32:44.519 [main] INFO  es.cursojava.inicio.oo.herencia.ejercicios.e16BandaDeMusica.Instrumento - Instancia de Instrumento creada
18:32:44.526 [main] INFO  es.cursojava.inicio.oo.herencia.ejercicios.e16BandaDeMusica.Instrumento - Instancia de Instrumento creada
18:32:44.526 [main] INFO  es.cursojava.inicio.oo.herencia.ejercicios.e16BandaDeMusica.Instrumento - Instancia de Instrumento creada
18:32:44.526 [main] INFO  es.cursojava.inicio.oo.herencia.ejercicios.e16BandaDeMusica.Instrumento - Instancia de Instrumento creada
18:32:44.526 [main] INFO  es.cursojava.inicio.oo.herencia.ejercicios.e16BandaDeMusica.Instrumento - Instancia de Instrumento creada
18:32:44.526 [main] INFO  es.cursojava.inicio.oo.herencia.ejercicios.e16BandaDeMusica.Instrumento - Instancia de Instrumento creada
18:32:44.527 [main] INFO  es.cursojava.inicio.oo.herencia.ejercicios.e16BandaDeMusica.Instrumento - El instrumento esta afinado
18:32:44.527 [main] INFO  es.cursojava.inicio.oo.herencia.ejercicios.e16BandaDeMusica.Guitarra - Afinando guitarra
18:32:44.527 [main] INFO  es.cursojava.inicio.oo.herencia.ejercicios.e16BandaDeMusica.Instrumento - El instrumento esta afinado
18:32:44.527 [main] INFO  es.cursojava.inicio.oo.herencia.ejercicios.e16BandaDeMusica.Guitarra - Afinando guitarra
18:32:44.527 [main] INFO  es.cursojava.inicio.oo.herencia.ejercicios.e16BandaDeMusica.Instrumento - El instrumento esta afinado
18:32:44.527 [main] INFO  es.cursojava.inicio.oo.herencia.ejercicios.e16BandaDeMusica.Piano - Afinando piano
18:32:44.527 [main] INFO  es.cursojava.inicio.oo.herencia.ejercicios.e16BandaDeMusica.Guitarra - Afinando tambor
18:33:00.872 [main] INFO  es.cursojava.inicio.oo.herencia.ejercicios.e16BandaDeMusica.Instrumento - Instancia de Instrumento creada
18:33:00.874 [main] INFO  es.cursojava.inicio.oo.herencia.ejercicios.e16BandaDeMusica.Instrumento - Instancia de Instrumento creada
18:33:00.874 [main] INFO  es.cursojava.inicio.oo.herencia.ejercicios.e16BandaDeMusica.Instrumento - Instancia de Instrumento creada
18:33:00.875 [main] INFO  es.cursojava.inicio.oo.herencia.ejercicios.e16BandaDeMusica.Instrumento - Instancia de Instrumento creada
18:33:00.875 [main] INFO  es.cursojava.inicio.oo.herencia.ejercicios.e16BandaDeMusica.Instrumento - Instancia de Instrumento creada
18:33:00.875 [main] INFO  es.cursojava.inicio.oo.herencia.ejercicios.e16BandaDeMusica.Instrumento - Instancia de Instrumento creada
18:33:00.875 [main] INFO  es.cursojava.inicio.oo.herencia.ejercicios.e16BandaDeMusica.Instrumento - Instancia de Instrumento creada
18:33:00.875 [main] INFO  es.cursojava.inicio.oo.herencia.ejercicios.e16BandaDeMusica.Instrumento - Instancia de Instrumento creada
18:33:00.875 [main] INFO  es.cursojava.inicio.oo.herencia.ejercicios.e16BandaDeMusica.Instrumento - El instrumento esta afinado
18:33:00.876 [main] INFO  es.cursojava.inicio.oo.herencia.ejercicios.e16BandaDeMusica.Guitarra - Afinando guitarra
18:33:00.876 [main] INFO  es.cursojava.inicio.oo.herencia.ejercicios.e16BandaDeMusica.Instrumento - El instrumento esta desafinado
18:33:00.876 [main] INFO  es.cursojava.inicio.oo.herencia.ejercicios.e16BandaDeMusica.Guitarra - Afinando guitarra
18:33:00.876 [main] INFO  es.cursojava.inicio.oo.herencia.ejercicios.e16BandaDeMusica.Instrumento - El instrumento esta desafinado
18:33:00.876 [main] INFO  es.cursojava.inicio.oo.herencia.ejercicios.e16BandaDeMusica.Piano - Afinando piano
18:33:00.876 [main] INFO  es.cursojava.inicio.oo.herencia.ejercicios.e16BandaDeMusica.Guitarra - Afinando tambor
19:26:42.669 [main] INFO  es.cursojava.inicio.oo.herencia.e21Hospital.Paciente - El empleado Laura esta fichando
19:26:42.673 [main] INFO  es.cursojava.inicio.oo.herencia.e21Hospital.Paciente - El empleado Dr. Gómez esta fichando
19:26:42.673 [main] INFO  es.cursojava.inicio.oo.herencia.e21Hospital.Paciente - Paciente Ana comiendo en la cafetería
19:26:42.673 [main] INFO  es.cursojava.inicio.oo.herencia.e21Hospital.Paciente - Paciente Carlos comiendo en la cafetería
19:26:42.674 [main] INFO  es.cursojava.inicio.oo.herencia.e21Hospital.Paciente - Paciente María comiendo en la cafetería
19:26:42.674 [main] INFO  es.cursojava.inicio.oo.herencia.e21Hospital.Paciente - El empleado Laura esta comiendo en el comedor
19:26:42.674 [main] INFO  es.cursojava.inicio.oo.herencia.e21Hospital.Paciente - El empleado Dr. Gómez esta comiendo en el comedor
19:26:42.674 [main] INFO  es.cursojava.inicio.oo.herencia.e21Hospital.Doctor - El paciente Ana es dado de alta
19:26:42.674 [main] INFO  es.cursojava.inicio.oo.herencia.e21Hospital.Doctor - El paciente Carlos es dado de alta
19:26:42.674 [main] INFO  es.cursojava.inicio.oo.herencia.e21Hospital.Doctor - El paciente María es dado de alta
19:27:00.706 [main] INFO  es.cursojava.inicio.oo.herencia.e21Hospital.Paciente - El empleado Laura esta fichando
19:27:00.710 [main] INFO  es.cursojava.inicio.oo.herencia.e21Hospital.Paciente - El empleado Dr. Gómez esta fichando
19:27:00.710 [main] INFO  es.cursojava.inicio.oo.herencia.e21Hospital.Paciente - Paciente Ana comiendo en la cafetería
19:27:00.710 [main] INFO  es.cursojava.inicio.oo.herencia.e21Hospital.Paciente - Paciente Carlos comiendo en la cafetería
19:27:00.710 [main] INFO  es.cursojava.inicio.oo.herencia.e21Hospital.Paciente - Paciente María comiendo en la cafetería
19:27:00.711 [main] INFO  es.cursojava.inicio.oo.herencia.e21Hospital.Paciente - El empleado Laura esta comiendo en el comedor
19:27:00.711 [main] INFO  es.cursojava.inicio.oo.herencia.e21Hospital.Paciente - El empleado Dr. Gómez esta comiendo en el comedor
19:27:00.711 [main] INFO  es.cursojava.inicio.oo.herencia.e21Hospital.Doctor - El paciente Ana es dado de alta
19:27:00.711 [main] INFO  es.cursojava.inicio.oo.herencia.e21Hospital.Doctor - El paciente Carlos es dado de alta
19:27:00.711 [main] INFO  es.cursojava.inicio.oo.herencia.e21Hospital.Doctor - El paciente María es dado de alta
19:27:03.613 [main] INFO  es.cursojava.inicio.oo.herencia.e21Hospital.Paciente - El empleado Laura esta fichando
19:27:03.618 [main] INFO  es.cursojava.inicio.oo.herencia.e21Hospital.Paciente - El empleado Dr. Gómez esta fichando
19:27:03.618 [main] INFO  es.cursojava.inicio.oo.herencia.e21Hospital.Paciente - Paciente Ana comiendo en la cafetería
19:27:03.618 [main] INFO  es.cursojava.inicio.oo.herencia.e21Hospital.Paciente - Paciente Carlos comiendo en la cafetería
19:27:03.618 [main] INFO  es.cursojava.inicio.oo.herencia.e21Hospital.Paciente - Paciente María comiendo en la cafetería
19:27:03.618 [main] INFO  es.cursojava.inicio.oo.herencia.e21Hospital.Paciente - El empleado Laura esta comiendo en el comedor
19:27:03.618 [main] INFO  es.cursojava.inicio.oo.herencia.e21Hospital.Paciente - El empleado Dr. Gómez esta comiendo en el comedor
19:27:03.619 [main] INFO  es.cursojava.inicio.oo.herencia.e21Hospital.Doctor - El paciente Ana es dado de alta
19:27:03.626 [main] INFO  es.cursojava.inicio.oo.herencia.e21Hospital.Doctor - El paciente María es dado de alta
